
F:\ruanjiananzhuang\wampServer\wamp64\www\homework_two\koatest\node_modules\_uws@0.14.5@uws>node "F:\ruanjiananzhuang\node_huanjing\node_global\node_modules\cnpm\node_modules\npminstall\node-gyp-bin\\node-gyp.js" rebuild 
在此解决方案中一次生成一个项目。若要启用并行生成，请添加“/m”开关。
  Extensions.cpp
  Group.cpp
  Networking.cpp
  Hub.cpp
f:\ruanjiananzhuang\wampserver\wamp64\www\homework_two\koatest\node_modules\_uws@0.14.5@uws\src\Networking.h(7): fatal error C1083: 无法打开包括文件:“openssl/opensslv.h”: No such file or directory [F:\ruanjiananzhuang\wampServer\wamp64\www\homework_two\koatest\node_modules\_uws@0.14.5@uws\build\uws.vcxproj]
f:\ruanjiananzhuang\wampserver\wamp64\www\homework_two\koatest\node_modules\_uws@0.14.5@uws\src\Networking.h(7): fatal error C1083: 无法打开包括文件:“openssl/opensslv.h”: No such file or directory [F:\ruanjiananzhuang\wampServer\wamp64\www\homework_two\koatest\node_modules\_uws@0.14.5@uws\build\uws.vcxproj]
  Node.cpp
  WebSocket.cpp
f:\ruanjiananzhuang\wampserver\wamp64\www\homework_two\koatest\node_modules\_uws@0.14.5@uws\src\Networking.h(7): fatal error C1083: 无法打开包括文件:“openssl/opensslv.h”: No such file or directory [F:\ruanjiananzhuang\wampServer\wamp64\www\homework_two\koatest\node_modules\_uws@0.14.5@uws\build\uws.vcxproj]
  HTTPSocket.cpp
f:\ruanjiananzhuang\wampserver\wamp64\www\homework_two\koatest\node_modules\_uws@0.14.5@uws\src\Networking.h(7): fatal error C1083: 无法打开包括文件:“openssl/opensslv.h”: No such file or directory [F:\ruanjiananzhuang\wampServer\wamp64\www\homework_two\koatest\node_modules\_uws@0.14.5@uws\build\uws.vcxproj]
  Socket.cpp
f:\ruanjiananzhuang\wampserver\wamp64\www\homework_two\koatest\node_modules\_uws@0.14.5@uws\src\Networking.h(7): fatal error C1083: 无法打开包括文件:“openssl/opensslv.h”: No such file or directory [F:\ruanjiananzhuang\wampServer\wamp64\www\homework_two\koatest\node_modules\_uws@0.14.5@uws\build\uws.vcxproj]
  addon.cpp
f:\ruanjiananzhuang\wampserver\wamp64\www\homework_two\koatest\node_modules\_uws@0.14.5@uws\src\Networking.h(7): fatal error C1083: 无法打开包括文件:“openssl/opensslv.h”: No such file or directory [F:\ruanjiananzhuang\wampServer\wamp64\www\homework_two\koatest\node_modules\_uws@0.14.5@uws\build\uws.vcxproj]
  win_delay_load_hook.cc
f:\ruanjiananzhuang\wampserver\wamp64\www\homework_two\koatest\node_modules\_uws@0.14.5@uws\src\Networking.h(7): fatal error C1083: 无法打开包括文件:“openssl/opensslv.h”: No such file or directory [F:\ruanjiananzhuang\wampServer\wamp64\www\homework_two\koatest\node_modules\_uws@0.14.5@uws\build\uws.vcxproj]
f:\ruanjiananzhuang\wampserver\wamp64\www\homework_two\koatest\node_modules\_uws@0.14.5@uws\src\Networking.h(7): fatal error C1083: 无法打开包括文件:“openssl/opensslv.h”: No such file or directory [F:\ruanjiananzhuang\wampServer\wamp64\www\homework_two\koatest\node_modules\_uws@0.14.5@uws\build\uws.vcxproj]
..\src\Extensions.cpp(15): error C2864: “uWS::ExtensionsParser::lastInteger”: 只有静态常量整型数据成员才可以在类中初始化 [F:\ruanjiananzhuang\wampServer\wamp64\www\homework_two\koatest\node_modules\_uws@0.14.5@uws\build\uws.vcxproj]
..\src\Extensions.cpp(18): error C2864: “uWS::ExtensionsParser::perMessageDeflate”: 只有静态常量整型数据成员才可以在类中初始化 [F:\ruanjiananzhuang\wampServer\wamp64\www\homework_two\koatest\node_modules\_uws@0.14.5@uws\build\uws.vcxproj]
..\src\Extensions.cpp(19): error C2864: “uWS::ExtensionsParser::serverNoContextTakeover”: 只有静态常量整型数据成员才可以在类中初始化 [F:\ruanjiananzhuang\wampServer\wamp64\www\homework_two\koatest\node_modules\_uws@0.14.5@uws\build\uws.vcxproj]
..\src\Extensions.cpp(20): error C2864: “uWS::ExtensionsParser::clientNoContextTakeover”: 只有静态常量整型数据成员才可以在类中初始化 [F:\ruanjiananzhuang\wampServer\wamp64\www\homework_two\koatest\node_modules\_uws@0.14.5@uws\build\uws.vcxproj]
..\src\Extensions.cpp(21): error C2864: “uWS::ExtensionsParser::serverMaxWindowBits”: 只有静态常量整型数据成员才可以在类中初始化 [F:\ruanjiananzhuang\wampServer\wamp64\www\homework_two\koatest\node_modules\_uws@0.14.5@uws\build\uws.vcxproj]
..\src\Extensions.cpp(22): error C2864: “uWS::ExtensionsParser::clientMaxWindowBits”: 只有静态常量整型数据成员才可以在类中初始化 [F:\ruanjiananzhuang\wampServer\wamp64\www\homework_two\koatest\node_modules\_uws@0.14.5@uws\build\uws.vcxproj]
gyp ERR! build error 
gyp ERR! stack Error: `C:\Windows\Microsoft.NET\Framework\v4.0.30319\msbuild.exe` failed with exit code: 1
gyp ERR! stack     at ChildProcess.onExit (F:\ruanjiananzhuang\node_huanjing\node_global\node_modules\cnpm\node_modules\node-gyp\lib\build.js:258:23)
gyp ERR! stack     at ChildProcess.emit (events.js:159:13)
gyp ERR! stack     at Process.ChildProcess._handle.onexit (internal/child_process.js:209:12)
gyp ERR! System Windows_NT 10.0.14393
gyp ERR! command "F:\\ruanjiananzhuang\\node_huanjing\\node.exe" "F:\\ruanjiananzhuang\\node_huanjing\\node_global\\node_modules\\cnpm\\node_modules\\npminstall\\node-gyp-bin\\node-gyp.js" "rebuild"
gyp ERR! cwd F:\ruanjiananzhuang\wampServer\wamp64\www\homework_two\koatest\node_modules\_uws@0.14.5@uws
gyp ERR! node -v v9.2.0
gyp ERR! node-gyp -v v3.6.2
gyp ERR! not ok 
